INFO:     Will watch for changes in these directories: ['/Users/tubasasakun/workspace/hackson/rocket2025-backend']
INFO:     Uvicorn running on http://0.0.0.0:8000 (Press CTRL+C to quit)
INFO:     Started reloader process [65713] using StatReload
WARNING ⚠️ Ultralytics settings reset to default values. This may be due to a possible problem with your settings or a recent ultralytics package update. 
View settings with 'yolo settings' or at '/Users/tubasasakun/Library/Application Support/Ultralytics/settings.yaml'
Update settings with 'yolo settings key=value', i.e. 'yolo settings runs_dir=path/to/dir'.
INFO:     Started server process [65716]
INFO:     Waiting for application startup.
INFO:     Application startup complete.
INFO:     127.0.0.1:61973 - "POST /api/calculate-ideal-cut HTTP/1.1" 500 Internal Server Error
WARNING:  StatReload detected changes in 'src/service/pizza_split/pizza_segmentation_service.py'. Reloading...
INFO:     Shutting down
INFO:     Waiting for application shutdown.
INFO:     Application shutdown complete.
INFO:     Finished server process [65716]
INFO:     Started server process [65797]
INFO:     Waiting for application startup.
INFO:     Application startup complete.
INFO:     127.0.0.1:62022 - "POST /api/calculate-ideal-cut HTTP/1.1" 500 Internal Server Error
WARNING:  StatReload detected changes in 'src/service/pizza_split/pizza_segmentation_service.py'. Reloading...
INFO:     Shutting down
INFO:     Waiting for application shutdown.
INFO:     Application shutdown complete.
INFO:     Finished server process [65797]
INFO:     Started server process [65841]
INFO:     Waiting for application startup.
INFO:     Application startup complete.
INFO:     127.0.0.1:62057 - "POST /api/calculate-ideal-cut HTTP/1.1" 500 Internal Server Error
WARNING:  StatReload detected changes in 'src/service/pizza_split/pizza_segmentation_service.py'. Reloading...
INFO:     Shutting down
INFO:     Waiting for application shutdown.
INFO:     Application shutdown complete.
INFO:     Finished server process [65841]
INFO:     Started server process [65859]
INFO:     Waiting for application startup.
INFO:     Application startup complete.
WARNING:  StatReload detected changes in 'src/service/pizza_split/pizza_segmentation_service.py'. Reloading...
INFO:     Shutting down
INFO:     Waiting for application shutdown.
INFO:     Application shutdown complete.
INFO:     Finished server process [65859]
INFO:     Started server process [65864]
INFO:     Waiting for application startup.
INFO:     Application startup complete.
WARNING:  StatReload detected changes in 'src/service/pizza_split/pizza_segmentation_service.py'. Reloading...
INFO:     Shutting down
INFO:     Waiting for application shutdown.
INFO:     Application shutdown complete.
INFO:     Finished server process [65864]
INFO:     Started server process [65900]
INFO:     Waiting for application startup.
INFO:     Application startup complete.
WARNING:  StatReload detected changes in 'src/service/pizza_split/pizza_segmentation_service.py'. Reloading...
INFO:     Shutting down
INFO:     Waiting for application shutdown.
INFO:     Application shutdown complete.
INFO:     Finished server process [65900]
INFO:     Started server process [65932]
INFO:     Waiting for application startup.
INFO:     Application startup complete.
INFO:     127.0.0.1:62137 - "POST /api/calculate-ideal-cut HTTP/1.1" 200 OK
INFO:     127.0.0.1:62149 - "POST /api/calculate-ideal-cut HTTP/1.1" 200 OK
INFO:     127.0.0.1:62167 - "POST /api/calculate-ideal-cut HTTP/1.1" 200 OK
INFO:     127.0.0.1:62210 - "POST /api/calculate-ideal-cut HTTP/1.1" 200 OK
